d:\false data injection attack in iot with node red interfacing\workspace_fdi_attack_rpl\src\simulation\rpl\x64\debug\vc142.pdb
d:\false data injection attack in iot with node red interfacing\workspace_fdi_attack_rpl\src\simulation\rpl\x64\debug\vc142.idb
d:\false data injection attack in iot with node red interfacing\workspace_fdi_attack_rpl\src\simulation\rpl\x64\debug\trickle.obj
d:\false data injection attack in iot with node red interfacing\workspace_fdi_attack_rpl\src\simulation\rpl\x64\debug\sequencenumber.obj
d:\false data injection attack in iot with node red interfacing\workspace_fdi_attack_rpl\src\simulation\rpl\x64\debug\rpl_message.obj
d:\false data injection attack in iot with node red interfacing\workspace_fdi_attack_rpl\src\simulation\rpl\x64\debug\rpl_enum.obj
d:\false data injection attack in iot with node red interfacing\workspace_fdi_attack_rpl\src\simulation\rpl\x64\debug\rpl.obj
d:\false data injection attack in iot with node red interfacing\workspace_fdi_attack_rpl\src\simulation\rpl\x64\debug\neighbor.obj
d:\false data injection attack in iot with node red interfacing\workspace_fdi_attack_rpl\src\simulation\rpl\x64\debug\malicious.obj
d:\false data injection attack in iot with node red interfacing\workspace_fdi_attack_rpl\src\simulation\rpl\x64\debug\dodag.obj
d:\false data injection attack in iot with node red interfacing\workspace_fdi_attack_rpl\src\simulation\rpl\x64\debug\dis.obj
d:\false data injection attack in iot with node red interfacing\workspace_fdi_attack_rpl\src\simulation\rpl\x64\debug\dio.obj
d:\false data injection attack in iot with node red interfacing\workspace_fdi_attack_rpl\src\simulation\rpl\x64\debug\dao.obj
d:\false data injection attack in iot with node red interfacing\workspace_fdi_attack_rpl\bin\bin_x64\librpl.dll
d:\false data injection attack in iot with node red interfacing\workspace_fdi_attack_rpl\bin\bin_x64\rpl.pdb
d:\false data injection attack in iot with node red interfacing\workspace_fdi_attack_rpl\bin\bin_x64\rpl.lib
d:\false data injection attack in iot with node red interfacing\workspace_fdi_attack_rpl\bin\bin_x64\rpl.exp
d:\false data injection attack in iot with node red interfacing\workspace_fdi_attack_rpl\src\simulation\rpl\x64\debug\rpl.tlog\cl.command.1.tlog
d:\false data injection attack in iot with node red interfacing\workspace_fdi_attack_rpl\src\simulation\rpl\x64\debug\rpl.tlog\cl.read.1.tlog
d:\false data injection attack in iot with node red interfacing\workspace_fdi_attack_rpl\src\simulation\rpl\x64\debug\rpl.tlog\cl.write.1.tlog
d:\false data injection attack in iot with node red interfacing\workspace_fdi_attack_rpl\src\simulation\rpl\x64\debug\rpl.tlog\link.2328.delete.1.tlog
d:\false data injection attack in iot with node red interfacing\workspace_fdi_attack_rpl\src\simulation\rpl\x64\debug\rpl.tlog\link.command.1.tlog
d:\false data injection attack in iot with node red interfacing\workspace_fdi_attack_rpl\src\simulation\rpl\x64\debug\rpl.tlog\link.read.1.tlog
d:\false data injection attack in iot with node red interfacing\workspace_fdi_attack_rpl\src\simulation\rpl\x64\debug\rpl.tlog\link.write.1.tlog
d:\false data injection attack in iot with node red interfacing\workspace_fdi_attack_rpl\src\simulation\rpl\x64\debug\rpl.tlog\rpl.write.1u.tlog
