c:\users\hanuman\desktop\r & d\sinkhole_attack_in_rpl_v12.2\workspace_sinkhole_attack_rpl\src\simulation\ip\x64\debug\vc142.pdb
c:\users\hanuman\desktop\r & d\sinkhole_attack_in_rpl_v12.2\workspace_sinkhole_attack_rpl\src\simulation\ip\x64\debug\vc142.idb
c:\users\hanuman\desktop\r & d\sinkhole_attack_in_rpl_v12.2\workspace_sinkhole_attack_rpl\src\simulation\ip\x64\debug\pim_route_msg.obj
c:\users\hanuman\desktop\r & d\sinkhole_attack_in_rpl_v12.2\workspace_sinkhole_attack_rpl\src\simulation\ip\x64\debug\pim_route.obj
c:\users\hanuman\desktop\r & d\sinkhole_attack_in_rpl_v12.2\workspace_sinkhole_attack_rpl\src\simulation\ip\x64\debug\pim_print.obj
c:\users\hanuman\desktop\r & d\sinkhole_attack_in_rpl_v12.2\workspace_sinkhole_attack_rpl\src\simulation\ip\x64\debug\pim_neighbor.obj
c:\users\hanuman\desktop\r & d\sinkhole_attack_in_rpl_v12.2\workspace_sinkhole_attack_rpl\src\simulation\ip\x64\debug\pim_msg.obj
c:\users\hanuman\desktop\r & d\sinkhole_attack_in_rpl_v12.2\workspace_sinkhole_attack_rpl\src\simulation\ip\x64\debug\pim_join.obj
c:\users\hanuman\desktop\r & d\sinkhole_attack_in_rpl_v12.2\workspace_sinkhole_attack_rpl\src\simulation\ip\x64\debug\pim_hello.obj
c:\users\hanuman\desktop\r & d\sinkhole_attack_in_rpl_v12.2\workspace_sinkhole_attack_rpl\src\simulation\ip\x64\debug\pim_group.obj
c:\users\hanuman\desktop\r & d\sinkhole_attack_in_rpl_v12.2\workspace_sinkhole_attack_rpl\src\simulation\ip\x64\debug\pim_config.obj
c:\users\hanuman\desktop\r & d\sinkhole_attack_in_rpl_v12.2\workspace_sinkhole_attack_rpl\src\simulation\ip\x64\debug\nat.obj
c:\users\hanuman\desktop\r & d\sinkhole_attack_in_rpl_v12.2\workspace_sinkhole_attack_rpl\src\simulation\ip\x64\debug\multicast.obj
c:\users\hanuman\desktop\r & d\sinkhole_attack_in_rpl_v12.2\workspace_sinkhole_attack_rpl\src\simulation\ip\x64\debug\ip_utility.obj
c:\users\hanuman\desktop\r & d\sinkhole_attack_in_rpl_v12.2\workspace_sinkhole_attack_rpl\src\simulation\ip\x64\debug\ip_routing.obj
c:\users\hanuman\desktop\r & d\sinkhole_attack_in_rpl_v12.2\workspace_sinkhole_attack_rpl\src\simulation\ip\x64\debug\ip.obj
c:\users\hanuman\desktop\r & d\sinkhole_attack_in_rpl_v12.2\workspace_sinkhole_attack_rpl\src\simulation\ip\x64\debug\igmp_router.obj
c:\users\hanuman\desktop\r & d\sinkhole_attack_in_rpl_v12.2\workspace_sinkhole_attack_rpl\src\simulation\ip\x64\debug\igmp_msg.obj
c:\users\hanuman\desktop\r & d\sinkhole_attack_in_rpl_v12.2\workspace_sinkhole_attack_rpl\src\simulation\ip\x64\debug\igmp_host.obj
c:\users\hanuman\desktop\r & d\sinkhole_attack_in_rpl_v12.2\workspace_sinkhole_attack_rpl\src\simulation\ip\x64\debug\igmp.obj
c:\users\hanuman\desktop\r & d\sinkhole_attack_in_rpl_v12.2\workspace_sinkhole_attack_rpl\src\simulation\ip\x64\debug\icmp.obj
c:\users\hanuman\desktop\r & d\sinkhole_attack_in_rpl_v12.2\workspace_sinkhole_attack_rpl\src\simulation\ip\x64\debug\dns.obj
c:\users\hanuman\desktop\r & d\sinkhole_attack_in_rpl_v12.2\workspace_sinkhole_attack_rpl\src\simulation\ip\x64\debug\vpn.obj
c:\users\hanuman\desktop\r & d\sinkhole_attack_in_rpl_v12.2\workspace_sinkhole_attack_rpl\src\simulation\ip\x64\debug\pim_sm.obj
c:\users\hanuman\desktop\r & d\sinkhole_attack_in_rpl_v12.2\workspace_sinkhole_attack_rpl\bin\bin_x64\ip.lib
c:\users\hanuman\desktop\r & d\sinkhole_attack_in_rpl_v12.2\workspace_sinkhole_attack_rpl\bin\bin_x64\ip.exp
c:\users\hanuman\desktop\r & d\sinkhole_attack_in_rpl_v12.2\workspace_sinkhole_attack_rpl\bin\bin_x64\libip.dll
c:\users\hanuman\desktop\r & d\sinkhole_attack_in_rpl_v12.2\workspace_sinkhole_attack_rpl\bin\bin_x64\ip.pdb
d:\false data injection attack in iot with node red interfacing\workspace_fdi_attack_rpl\src\simulation\ip\x64\debug\dns.obj
d:\false data injection attack in iot with node red interfacing\workspace_fdi_attack_rpl\src\simulation\ip\x64\debug\icmp.obj
d:\false data injection attack in iot with node red interfacing\workspace_fdi_attack_rpl\src\simulation\ip\x64\debug\igmp.obj
d:\false data injection attack in iot with node red interfacing\workspace_fdi_attack_rpl\src\simulation\ip\x64\debug\igmp_host.obj
d:\false data injection attack in iot with node red interfacing\workspace_fdi_attack_rpl\src\simulation\ip\x64\debug\igmp_msg.obj
d:\false data injection attack in iot with node red interfacing\workspace_fdi_attack_rpl\src\simulation\ip\x64\debug\igmp_router.obj
d:\false data injection attack in iot with node red interfacing\workspace_fdi_attack_rpl\src\simulation\ip\x64\debug\ip.obj
d:\false data injection attack in iot with node red interfacing\workspace_fdi_attack_rpl\src\simulation\ip\x64\debug\ip_routing.obj
d:\false data injection attack in iot with node red interfacing\workspace_fdi_attack_rpl\src\simulation\ip\x64\debug\ip_utility.obj
d:\false data injection attack in iot with node red interfacing\workspace_fdi_attack_rpl\src\simulation\ip\x64\debug\multicast.obj
d:\false data injection attack in iot with node red interfacing\workspace_fdi_attack_rpl\src\simulation\ip\x64\debug\nat.obj
d:\false data injection attack in iot with node red interfacing\workspace_fdi_attack_rpl\src\simulation\ip\x64\debug\pim_config.obj
d:\false data injection attack in iot with node red interfacing\workspace_fdi_attack_rpl\src\simulation\ip\x64\debug\pim_group.obj
d:\false data injection attack in iot with node red interfacing\workspace_fdi_attack_rpl\src\simulation\ip\x64\debug\pim_hello.obj
d:\false data injection attack in iot with node red interfacing\workspace_fdi_attack_rpl\src\simulation\ip\x64\debug\pim_join.obj
d:\false data injection attack in iot with node red interfacing\workspace_fdi_attack_rpl\src\simulation\ip\x64\debug\pim_msg.obj
d:\false data injection attack in iot with node red interfacing\workspace_fdi_attack_rpl\src\simulation\ip\x64\debug\pim_neighbor.obj
d:\false data injection attack in iot with node red interfacing\workspace_fdi_attack_rpl\src\simulation\ip\x64\debug\pim_print.obj
d:\false data injection attack in iot with node red interfacing\workspace_fdi_attack_rpl\src\simulation\ip\x64\debug\pim_route.obj
d:\false data injection attack in iot with node red interfacing\workspace_fdi_attack_rpl\src\simulation\ip\x64\debug\pim_route_msg.obj
d:\false data injection attack in iot with node red interfacing\workspace_fdi_attack_rpl\src\simulation\ip\x64\debug\pim_sm.obj
d:\false data injection attack in iot with node red interfacing\workspace_fdi_attack_rpl\src\simulation\ip\x64\debug\vpn.obj
d:\false data injection attack in iot with node red interfacing\workspace_fdi_attack_rpl\src\simulation\ip\x64\debug\vc142.idb
d:\false data injection attack in iot with node red interfacing\workspace_fdi_attack_rpl\src\simulation\ip\x64\debug\vc142.pdb
d:\false data injection attack in iot with node red interfacing\workspace_fdi_attack_rpl\src\simulation\ip\x64\debug\ip.tlog\cl.command.1.tlog
d:\false data injection attack in iot with node red interfacing\workspace_fdi_attack_rpl\src\simulation\ip\x64\debug\ip.tlog\cl.read.1.tlog
d:\false data injection attack in iot with node red interfacing\workspace_fdi_attack_rpl\src\simulation\ip\x64\debug\ip.tlog\cl.write.1.tlog
d:\false data injection attack in iot with node red interfacing\workspace_fdi_attack_rpl\src\simulation\ip\x64\debug\ip.tlog\ip.write.1u.tlog
d:\false data injection attack in iot with node red interfacing\workspace_fdi_attack_rpl\src\simulation\ip\x64\debug\ip.tlog\link.command.1.tlog
d:\false data injection attack in iot with node red interfacing\workspace_fdi_attack_rpl\src\simulation\ip\x64\debug\ip.tlog\link.read.1.tlog
d:\false data injection attack in iot with node red interfacing\workspace_fdi_attack_rpl\src\simulation\ip\x64\debug\ip.tlog\link.write.1.tlog
